<?xml version="1.0" encoding="UTF-8"?>
<testsuite name="com.serenity.AcceptanceTestSuite" tests="1" skipped="0" failures="1" errors="0" timestamp="2018-01-28T09:34:01" hostname="Lis-MacBook-Pro.local" time="0.0">
  <properties/>
  <testcase name="initializationError" classname="com.serenity.AcceptanceTestSuite" time="0.0">
    <failure message="java.lang.NoClassDefFoundError: org/json/JSONObject" type="java.lang.NoClassDefFoundError">java.lang.NoClassDefFoundError: org/json/JSONObject
	at java.lang.Class.getDeclaredMethods0(Native Method)
	at java.lang.Class.privateGetDeclaredMethods(Class.java:2701)
	at java.lang.Class.privateGetPublicMethods(Class.java:2902)
	at java.lang.Class.getMethods(Class.java:1615)
	at org.jbehave.core.steps.AbstractStepsFactory.hasAnnotatedMethods(AbstractStepsFactory.java:70)
	at net.serenitybdd.jbehave.SerenityStepFactory.getCandidateClasses(SerenityStepFactory.java:61)
	at net.serenitybdd.jbehave.SerenityStepFactory.stepsTypes(SerenityStepFactory.java:48)
	at org.jbehave.core.steps.AbstractStepsFactory.createCandidateSteps(AbstractStepsFactory.java:34)
	at net.serenitybdd.jbehave.SerenityStepFactory.createCandidateSteps(SerenityStepFactory.java:42)
	at net.serenitybdd.jbehave.runners.SerenityReportingRunner.buildCandidateSteps(SerenityReportingRunner.java:294)
	at net.serenitybdd.jbehave.runners.SerenityReportingRunner.createCandidateStepsWith(SerenityReportingRunner.java:249)
	at net.serenitybdd.jbehave.runners.SerenityReportingRunner.createCandidateStepsWithNoMonitor(SerenityReportingRunner.java:257)
	at net.serenitybdd.jbehave.runners.SerenityReportingRunner.getCandidateSteps(SerenityReportingRunner.java:240)
	at net.serenitybdd.jbehave.runners.SerenityReportingRunner.buildDescriptionFromStories(SerenityReportingRunner.java:313)
	at net.serenitybdd.jbehave.runners.SerenityReportingRunner.getDescriptions(SerenityReportingRunner.java:84)
	at net.serenitybdd.jbehave.runners.SerenityReportingRunner.getDescription(SerenityReportingRunner.java:168)
	at org.gradle.api.internal.tasks.testing.junit.JUnitTestClassExecuter.allTestsFiltered(JUnitTestClassExecuter.java:127)
	at org.gradle.api.internal.tasks.testing.junit.JUnitTestClassExecuter.runTestClass(JUnitTestClassExecuter.java:108)
	at org.gradle.api.internal.tasks.testing.junit.JUnitTestClassExecuter.execute(JUnitTestClassExecuter.java:57)
	at org.gradle.api.internal.tasks.testing.junit.JUnitTestClassProcessor.processTestClass(JUnitTestClassProcessor.java:66)
	at org.gradle.api.internal.tasks.testing.SuiteTestClassProcessor.processTestClass(SuiteTestClassProcessor.java:51)
	at sun.reflect.NativeMethodAccessorImpl.invoke0(Native Method)
	at sun.reflect.NativeMethodAccessorImpl.invoke(NativeMethodAccessorImpl.java:62)
	at sun.reflect.DelegatingMethodAccessorImpl.invoke(DelegatingMethodAccessorImpl.java:43)
	at java.lang.reflect.Method.invoke(Method.java:498)
	at org.gradle.internal.dispatch.ReflectionDispatch.dispatch(ReflectionDispatch.java:35)
	at org.gradle.internal.dispatch.ReflectionDispatch.dispatch(ReflectionDispatch.java:24)
	at org.gradle.internal.dispatch.ContextClassLoaderDispatch.dispatch(ContextClassLoaderDispatch.java:32)
	at org.gradle.internal.dispatch.ProxyDispatchAdapter$DispatchingInvocationHandler.invoke(ProxyDispatchAdapter.java:93)
	at com.sun.proxy.$Proxy1.processTestClass(Unknown Source)
	at org.gradle.api.internal.tasks.testing.worker.TestWorker.processTestClass(TestWorker.java:108)
	at sun.reflect.NativeMethodAccessorImpl.invoke0(Native Method)
	at sun.reflect.NativeMethodAccessorImpl.invoke(NativeMethodAccessorImpl.java:62)
	at sun.reflect.DelegatingMethodAccessorImpl.invoke(DelegatingMethodAccessorImpl.java:43)
	at java.lang.reflect.Method.invoke(Method.java:498)
	at org.gradle.internal.dispatch.ReflectionDispatch.dispatch(ReflectionDispatch.java:35)
	at org.gradle.internal.dispatch.ReflectionDispatch.dispatch(ReflectionDispatch.java:24)
	at org.gradle.internal.remote.internal.hub.MessageHubBackedObjectConnection$DispatchWrapper.dispatch(MessageHubBackedObjectConnection.java:146)
	at org.gradle.internal.remote.internal.hub.MessageHubBackedObjectConnection$DispatchWrapper.dispatch(MessageHubBackedObjectConnection.java:128)
	at org.gradle.internal.remote.internal.hub.MessageHub$Handler.run(MessageHub.java:404)
	at org.gradle.internal.concurrent.ExecutorPolicy$CatchAndRecordFailures.onExecute(ExecutorPolicy.java:63)
	at org.gradle.internal.concurrent.ManagedExecutorImpl$1.run(ManagedExecutorImpl.java:46)
	at java.util.concurrent.ThreadPoolExecutor.runWorker(ThreadPoolExecutor.java:1149)
	at java.util.concurrent.ThreadPoolExecutor$Worker.run(ThreadPoolExecutor.java:624)
	at org.gradle.internal.concurrent.ThreadFactoryImpl$ManagedThreadRunnable.run(ThreadFactoryImpl.java:55)
	at java.lang.Thread.run(Thread.java:748)
Caused by: java.lang.ClassNotFoundException: org.json.JSONObject
	at java.net.URLClassLoader.findClass(URLClassLoader.java:381)
	at java.lang.ClassLoader.loadClass(ClassLoader.java:424)
	at sun.misc.Launcher$AppClassLoader.loadClass(Launcher.java:335)
	at java.lang.ClassLoader.loadClass(ClassLoader.java:357)
	... 46 more
</failure>
  </testcase>
  <system-out><![CDATA[]]></system-out>
  <system-err><![CDATA[SLF4J: Failed to load class "org.slf4j.impl.StaticLoggerBinder".
SLF4J: Defaulting to no-operation (NOP) logger implementation
SLF4J: See http://www.slf4j.org/codes.html#StaticLoggerBinder for further details.
]]></system-err>
</testsuite>
