<?xml version="1.0" encoding="UTF-8"?>
<testsuite xmlns:xsi="http://www.w3.org/2001/XMLSchema-instance" xsi:schemaLocation="https://maven.apache.org/surefire/maven-surefire-plugin/xsd/surefire-test-report.xsd" name="com.serenity.steps.JBehaveTest" time="0.452" tests="1" errors="1" skipped="0" failures="0">
  <properties>
[...]
</properties>
  <testcase name="run" classname="com.serenity.steps.JBehaveTest" time="0.328">
    <error message="Story path &apos;consult_dictionary/LookupADefinition.story&apos; not found by class loader sun.misc.Launcher$AppClassLoader@4aa298b7" type="org.jbehave.core.io.StoryResourceNotFound">org.jbehave.core.io.StoryResourceNotFound: Story path 'consult_dictionary/LookupADefinition.story' not found by class loader sun.misc.Launcher$AppClassLoader@4aa298b7
	at com.serenity.steps.JBehaveTest.run(JBehaveTest.java:33)
</error>
    <system-out><![CDATA[Processing system properties {}
Using controls EmbedderControls[batch=false,skip=false,generateViewAfterStories=true,ignoreFailureInStories=false,ignoreFailureInView=true,verboseFailures=true,verboseFiltering=false,storyTimeouts=300,threads=1,failOnStoryTimeout=false]
Generating reports view to '/Users/rosaline.zeng/Documents/Study/AutomationFramework/mySerenity/target/jbehave' using formats '[]' and view properties '{navigator=ftl/jbehave-navigator.ftl, views=ftl/jbehave-views.ftl, reports=ftl/jbehave-reports.ftl, nonDecorated=ftl/jbehave-report-non-decorated.ftl, decorated=ftl/jbehave-report-decorated.ftl, maps=ftl/jbehave-maps.ftl}'
Reports view generated with 0 stories (of which 0 pending) containing 0 scenarios (of which 0 pending)
]]></system-out>
  </testcase>
</testsuite>